[0.025s] Invoking command in '/home/home/tr_laser_scan_integrator/build/laser_scan_integrator': CMAKE_PREFIX_PATH=${CMAKE_PREFIX_PATH}:/opt/ros/humble /usr/bin/cmake /home/home/tr_laser_scan_integrator -DAMENT_CMAKE_SYMLINK_INSTALL=1 -DCMAKE_INSTALL_PREFIX=/home/home/tr_laser_scan_integrator/install/laser_scan_integrator
[0.207s] -- The C compiler identification is GNU 12.3.0
[0.357s] -- The CXX compiler identification is GNU 11.4.0
[0.369s] -- Detecting C compiler ABI info
[0.430s] -- Detecting C compiler ABI info - done
[0.437s] -- Check for working C compiler: /usr/bin/cc - skipped
[0.438s] -- Detecting C compile features
[0.439s] -- Detecting C compile features - done
[0.442s] -- Detecting CXX compiler ABI info
[0.509s] -- Detecting CXX compiler ABI info - done
[0.516s] -- Check for working CXX compiler: /usr/bin/c++ - skipped
[0.517s] -- Detecting CXX compile features
[0.517s] -- Detecting CXX compile features - done
[0.533s] -- Found ament_cmake: 1.3.12 (/opt/ros/humble/share/ament_cmake/cmake)
[0.665s] -- Found Python3: /usr/bin/python3 (found version "3.10.12") found components: Interpreter 
[0.726s] -- Override CMake install command with custom implementation using symlinks instead of copying resources
[0.760s] -- Found rclcpp: 16.0.14 (/opt/ros/humble/share/rclcpp/cmake)
[0.815s] -- Found rosidl_generator_c: 3.1.7 (/opt/ros/humble/share/rosidl_generator_c/cmake)
[0.821s] -- Found rosidl_adapter: 3.1.7 (/opt/ros/humble/share/rosidl_adapter/cmake)
[0.832s] -- Found rosidl_generator_cpp: 3.1.7 (/opt/ros/humble/share/rosidl_generator_cpp/cmake)
[0.850s] -- Using all available rosidl_typesupport_c: rosidl_typesupport_fastrtps_c;rosidl_typesupport_introspection_c
[0.869s] -- Using all available rosidl_typesupport_cpp: rosidl_typesupport_fastrtps_cpp;rosidl_typesupport_introspection_cpp
[0.922s] -- Found rmw_implementation_cmake: 6.1.2 (/opt/ros/humble/share/rmw_implementation_cmake/cmake)
[0.926s] -- Found rmw_fastrtps_cpp: 6.2.8 (/opt/ros/humble/share/rmw_fastrtps_cpp/cmake)
[1.004s] -- Found OpenSSL: /usr/lib/x86_64-linux-gnu/libcrypto.so (found version "3.0.2")  
[1.026s] -- Found FastRTPS: /opt/ros/humble/include  
[1.057s] -- Using RMW implementation 'rmw_fastrtps_cpp' as default
[1.068s] -- Looking for pthread.h
[1.127s] -- Looking for pthread.h - found
[1.127s] -- Performing Test CMAKE_HAVE_LIBC_PTHREAD
[1.190s] -- Performing Test CMAKE_HAVE_LIBC_PTHREAD - Success
[1.191s] -- Found Threads: TRUE  
[1.266s] -- Found sensor_msgs: 4.9.0 (/opt/ros/humble/share/sensor_msgs/cmake)
[1.312s] -- Found tf2_geometry_msgs: 0.25.15 (/opt/ros/humble/share/tf2_geometry_msgs/cmake)
[1.327s] -- Found eigen3_cmake_module: 0.1.1 (/opt/ros/humble/share/eigen3_cmake_module/cmake)
[1.329s] -- Found Eigen3: TRUE (found version "3.4.0") 
[1.329s] -- Ensuring Eigen3 include directory is part of orocos-kdl CMake target
[1.469s] -- Found tf2_sensor_msgs: 0.25.15 (/opt/ros/humble/share/tf2_sensor_msgs/cmake)
[1.488s] -- Found Boost: /usr/lib/x86_64-linux-gnu/cmake/Boost-1.74.0/BoostConfig.cmake (found version "1.74.0") found components: system 
[1.503s] -- Checking for module 'eigen3'
[1.512s] --   Found eigen3, version 3.4.0
[1.534s] -- Found Eigen: /usr/include/eigen3 (Required is at least version "3.1") 
[1.534s] -- Eigen found (include: /usr/include/eigen3, version: 3.4.0)
[1.550s] -- Found Boost: /usr/lib/x86_64-linux-gnu/cmake/Boost-1.74.0/BoostConfig.cmake (found suitable version "1.74.0", minimum required is "1.65.0") found components: system filesystem date_time iostreams serialization 
[1.562s] -- Checking for module 'flann'
[1.572s] --   Found flann, version 1.9.1
[1.597s] -- Found FLANN: /usr/lib/x86_64-linux-gnu/libflann_cpp.so  
[1.597s] -- FLANN found (include: /usr/include, lib: /usr/lib/x86_64-linux-gnu/libflann_cpp.so)
[1.634s] -- Found GLEW: /usr/lib/x86_64-linux-gnu/libGLEW.so  
[1.640s] -- Found OpenGL: /usr/lib/x86_64-linux-gnu/libOpenGL.so  found components: OpenGL GLX 
[1.773s] -- Found MPI_C: /usr/lib/x86_64-linux-gnu/libmpi.so (found version "3.1") 
[1.773s] -- Found MPI: TRUE (found version "3.1") found components: C 
[1.775s] -- Found JsonCpp: /usr/lib/x86_64-linux-gnu/libjsoncpp.so (found suitable version "1.9.5", minimum required is "0.7.0") 
[1.784s] -- Found ZLIB: /usr/lib/x86_64-linux-gnu/libz.so (found version "1.2.11") 
[1.798s] -- Found PNG: /usr/lib/x86_64-linux-gnu/libpng.so (found version "1.6.37") 
[1.823s] -- Found Eigen3: /usr/include/eigen3 (found version "3.4.0") 
[1.891s] -- Found X11: /usr/include   
[1.891s] -- Looking for XOpenDisplay in /usr/lib/x86_64-linux-gnu/libX11.so;/usr/lib/x86_64-linux-gnu/libXext.so
[1.953s] -- Looking for XOpenDisplay in /usr/lib/x86_64-linux-gnu/libX11.so;/usr/lib/x86_64-linux-gnu/libXext.so - found
[1.954s] -- Looking for gethostbyname
[2.010s] -- Looking for gethostbyname - found
[2.010s] -- Looking for connect
[2.067s] -- Looking for connect - found
[2.067s] -- Looking for remove
[2.124s] -- Looking for remove - found
[2.124s] -- Looking for shmat
[2.183s] -- Looking for shmat - found
[2.184s] -- Looking for IceConnectionNumber in ICE
[2.242s] -- Looking for IceConnectionNumber in ICE - found
[2.303s] -- Found EXPAT: /usr/lib/x86_64-linux-gnu/libexpat.so (found version "2.4.7") 
[2.305s] -- Found double-conversion: /usr/lib/x86_64-linux-gnu/libdouble-conversion.so  
[2.308s] -- Found LZ4: /usr/lib/x86_64-linux-gnu/liblz4.so (found version "1.9.3") 
[2.309s] -- Found LZMA: /usr/lib/x86_64-linux-gnu/liblzma.so (found version "5.2.5") 
[2.319s] -- Found JPEG: /usr/lib/x86_64-linux-gnu/libjpeg.so (found version "80") 
[2.324s] -- Found TIFF: /usr/lib/x86_64-linux-gnu/libtiff.so (found version "4.3.0")  
[2.328s] -- Found Freetype: /usr/lib/x86_64-linux-gnu/libfreetype.so (found version "2.11.1") 
[2.335s] -- Found utf8cpp: /usr/include/utf8cpp  
[2.401s] -- Checking for module 'libusb-1.0'
[2.411s] --   Found libusb-1.0, version 1.0.25
[2.435s] -- Found libusb: /usr/lib/x86_64-linux-gnu/libusb-1.0.so  
[2.437s] -- Found OpenNI: /usr/lib/libOpenNI.so;libusb::libusb (found version "1.5.4.0") 
[2.437s] -- OpenNI found (version: 1.5.4.0, include: /usr/include/ni, lib: /usr/lib/libOpenNI.so;libusb::libusb)
[2.476s] -- Found OpenNI2: /usr/lib/x86_64-linux-gnu/libOpenNI2.so;libusb::libusb (found version "2.2.0.33") 
[2.476s] -- OpenNI2 found (version: 2.2.0.33, include: /usr/include/openni2, lib: /usr/lib/x86_64-linux-gnu/libOpenNI2.so;libusb::libusb)
[2.476s] [0m** WARNING ** io features related to pcap will be disabled[0m
[2.619s] -- Eigen found (include: /usr/include/eigen3, version: 3.4.0)
[2.624s] -- OpenNI found (version: 1.5.4.0, include: /usr/include/ni, lib: /usr/lib/libOpenNI.so;libusb::libusb)
[2.630s] -- OpenNI2 found (version: 2.2.0.33, include: /usr/include/openni2, lib: /usr/lib/x86_64-linux-gnu/libOpenNI2.so;libusb::libusb)
[2.758s] -- Found Qhull version 8.0.2
[2.883s] -- OpenNI found (version: 1.5.4.0, include: /usr/include/ni, lib: /usr/lib/libOpenNI.so;libusb::libusb)
[3.004s] -- looking for PCL_COMMON
[3.005s] -- Found PCL_COMMON: /usr/lib/x86_64-linux-gnu/libpcl_common.so  
[3.005s] -- looking for PCL_KDTREE
[3.006s] -- Found PCL_KDTREE: /usr/lib/x86_64-linux-gnu/libpcl_kdtree.so  
[3.006s] -- looking for PCL_OCTREE
[3.007s] -- Found PCL_OCTREE: /usr/lib/x86_64-linux-gnu/libpcl_octree.so  
[3.007s] -- looking for PCL_SEARCH
[3.007s] -- Found PCL_SEARCH: /usr/lib/x86_64-linux-gnu/libpcl_search.so  
[3.007s] -- looking for PCL_SAMPLE_CONSENSUS
[3.008s] -- Found PCL_SAMPLE_CONSENSUS: /usr/lib/x86_64-linux-gnu/libpcl_sample_consensus.so  
[3.008s] -- looking for PCL_FILTERS
[3.009s] -- Found PCL_FILTERS: /usr/lib/x86_64-linux-gnu/libpcl_filters.so  
[3.009s] -- looking for PCL_2D
[3.010s] -- Found PCL_2D: /usr/include/pcl-1.12  
[3.010s] -- looking for PCL_GEOMETRY
[3.010s] -- Found PCL_GEOMETRY: /usr/include/pcl-1.12  
[3.010s] -- looking for PCL_IO
[3.011s] -- Found PCL_IO: /usr/lib/x86_64-linux-gnu/libpcl_io.so  
[3.011s] -- looking for PCL_FEATURES
[3.012s] -- Found PCL_FEATURES: /usr/lib/x86_64-linux-gnu/libpcl_features.so  
[3.012s] -- looking for PCL_ML
[3.013s] -- Found PCL_ML: /usr/lib/x86_64-linux-gnu/libpcl_ml.so  
[3.013s] -- looking for PCL_SEGMENTATION
[3.013s] -- Found PCL_SEGMENTATION: /usr/lib/x86_64-linux-gnu/libpcl_segmentation.so  
[3.014s] -- looking for PCL_VISUALIZATION
[3.014s] -- Found PCL_VISUALIZATION: /usr/lib/x86_64-linux-gnu/libpcl_visualization.so  
[3.015s] -- looking for PCL_SURFACE
[3.015s] -- Found PCL_SURFACE: /usr/lib/x86_64-linux-gnu/libpcl_surface.so  
[3.015s] -- looking for PCL_REGISTRATION
[3.016s] -- Found PCL_REGISTRATION: /usr/lib/x86_64-linux-gnu/libpcl_registration.so  
[3.016s] -- looking for PCL_KEYPOINTS
[3.017s] -- Found PCL_KEYPOINTS: /usr/lib/x86_64-linux-gnu/libpcl_keypoints.so  
[3.017s] -- looking for PCL_TRACKING
[3.018s] -- Found PCL_TRACKING: /usr/lib/x86_64-linux-gnu/libpcl_tracking.so  
[3.018s] -- looking for PCL_RECOGNITION
[3.019s] -- Found PCL_RECOGNITION: /usr/lib/x86_64-linux-gnu/libpcl_recognition.so  
[3.019s] -- looking for PCL_STEREO
[3.020s] -- Found PCL_STEREO: /usr/lib/x86_64-linux-gnu/libpcl_stereo.so  
[3.020s] -- looking for PCL_APPS
[3.021s] -- Found PCL_APPS: /usr/lib/x86_64-linux-gnu/libpcl_apps.so  
[3.021s] -- looking for PCL_IN_HAND_SCANNER
[3.021s] -- Found PCL_IN_HAND_SCANNER: /usr/include/pcl-1.12  
[3.022s] -- looking for PCL_MODELER
[3.022s] -- Found PCL_MODELER: /usr/include/pcl-1.12  
[3.022s] -- looking for PCL_POINT_CLOUD_EDITOR
[3.022s] -- Found PCL_POINT_CLOUD_EDITOR: /usr/include/pcl-1.12  
[3.022s] -- looking for PCL_OUTOFCORE
[3.023s] -- Found PCL_OUTOFCORE: /usr/lib/x86_64-linux-gnu/libpcl_outofcore.so  
[3.023s] -- looking for PCL_PEOPLE
[3.024s] -- Found PCL_PEOPLE: /usr/lib/x86_64-linux-gnu/libpcl_people.so  
[3.025s] -- Found PCL: pcl_common;pcl_kdtree;pcl_octree;pcl_search;pcl_sample_consensus;pcl_filters;pcl_io;pcl_features;pcl_ml;pcl_segmentation;pcl_visualization;pcl_surface;pcl_registration;pcl_keypoints;pcl_tracking;pcl_recognition;pcl_stereo;pcl_apps;pcl_outofcore;pcl_people;Boost::system;Boost::filesystem;Boost::date_time;Boost::iostreams;Boost::serialization;/usr/lib/libOpenNI.so;libusb::libusb;/usr/lib/x86_64-linux-gnu/libOpenNI2.so;libusb::libusb;VTK::ChartsCore;VTK::CommonColor;VTK::CommonComputationalGeometry;VTK::CommonCore;VTK::CommonDataModel;VTK::CommonExecutionModel;VTK::CommonMath;VTK::CommonMisc;VTK::CommonTransforms;VTK::FiltersCore;VTK::FiltersExtraction;VTK::FiltersGeneral;VTK::FiltersGeometry;VTK::FiltersModeling;VTK::FiltersSources;VTK::ImagingCore;VTK::ImagingSources;VTK::InteractionImage;VTK::InteractionStyle;VTK::InteractionWidgets;VTK::IOCore;VTK::IOGeometry;VTK::IOImage;VTK::IOLegacy;VTK::IOPLY;VTK::RenderingAnnotation;VTK::RenderingCore;VTK::RenderingContext2D;VTK::RenderingLOD;VTK::RenderingFreeType;VTK::ViewsCore;VTK::ViewsContext2D;VTK::RenderingOpenGL2;VTK::GUISupportQt;FLANN::FLANN;QHULL::QHULL  
[3.033s] -- Found ament_lint_auto: 0.12.14 (/opt/ros/humble/share/ament_lint_auto/cmake)
[3.112s] -- Added test 'copyright' to check source files copyright and LICENSE
[3.116s] -- Added test 'cppcheck' to perform static code analysis on C / C++ code
[3.117s] -- Configured cppcheck include dirs: /home/home/tr_laser_scan_integrator/include
[3.117s] -- Configured cppcheck exclude dirs and/or files: 
[3.121s] -- Added test 'cpplint' to check C / C++ code against the Google style
[3.121s] -- Configured cpplint exclude dirs and/or files: 
[3.123s] -- Added test 'flake8' to check Python code syntax and style conventions
[3.124s] -- Added test 'lint_cmake' to check CMake code style
[3.125s] -- Added test 'pep257' to check Python code against some of the docstring style conventions in PEP 257
[3.130s] -- Added test 'uncrustify' to check C / C++ code style
[3.130s] -- Configured uncrustify additional arguments: 
[3.131s] -- Added test 'xmllint' to check XML markup files
[3.133s] -- Configuring done
[3.146s] -- Generating done
[3.151s] -- Build files have been written to: /home/home/tr_laser_scan_integrator/build/laser_scan_integrator
[3.167s] Invoked command in '/home/home/tr_laser_scan_integrator/build/laser_scan_integrator' returned '0': CMAKE_PREFIX_PATH=${CMAKE_PREFIX_PATH}:/opt/ros/humble /usr/bin/cmake /home/home/tr_laser_scan_integrator -DAMENT_CMAKE_SYMLINK_INSTALL=1 -DCMAKE_INSTALL_PREFIX=/home/home/tr_laser_scan_integrator/install/laser_scan_integrator
[3.169s] Invoking command in '/home/home/tr_laser_scan_integrator/build/laser_scan_integrator': CMAKE_PREFIX_PATH=${CMAKE_PREFIX_PATH}:/opt/ros/humble /usr/bin/cmake --build /home/home/tr_laser_scan_integrator/build/laser_scan_integrator -- -j8 -l8
[3.223s] [ 50%] [32mBuilding CXX object CMakeFiles/laser_scan_integrator.dir/src/main.cpp.o[0m
[3.558s] In file included from [01m[K/home/home/tr_laser_scan_integrator/src/main.cpp:12[m[K:
[3.558s] [01m[K/opt/ros/humble/include/tf2_geometry_msgs/tf2_geometry_msgs/tf2_geometry_msgs.h:35:2:[m[K [01;35m[Kwarning: [m[K#warning This header is obsolete, please include tf2_geometry_msgs/tf2_geometry_msgs.hpp instead [[01;35m[K]8;;https://gcc.gnu.org/onlinedocs/gcc/Warning-Options.html#index-Wcpp-Wcpp]8;;[m[K]
[3.558s]    35 | #[01;35m[Kwarning[m[K This header is obsolete, please include tf2_geometry_msgs/tf2_geometry_msgs.hpp instead
[3.558s]       |  [01;35m[K^~~~~~~[m[K
[12.815s] [100%] [32m[1mLinking CXX executable laser_scan_integrator[0m
[13.388s] [100%] Built target laser_scan_integrator
[13.402s] Invoked command in '/home/home/tr_laser_scan_integrator/build/laser_scan_integrator' returned '0': CMAKE_PREFIX_PATH=${CMAKE_PREFIX_PATH}:/opt/ros/humble /usr/bin/cmake --build /home/home/tr_laser_scan_integrator/build/laser_scan_integrator -- -j8 -l8
[13.415s] Invoking command in '/home/home/tr_laser_scan_integrator/build/laser_scan_integrator': CMAKE_PREFIX_PATH=${CMAKE_PREFIX_PATH}:/opt/ros/humble /usr/bin/cmake --install /home/home/tr_laser_scan_integrator/build/laser_scan_integrator
[13.423s] -- Install configuration: ""
[13.424s] -- Execute custom install script
[13.425s] -- Symlinking: /home/home/tr_laser_scan_integrator/install/laser_scan_integrator/share/laser_scan_integrator/launch/integrate_2_scan.launch.py
[13.434s] -- Symlinking: /home/home/tr_laser_scan_integrator/install/laser_scan_integrator/share/laser_scan_integrator/launch/visualize_integrated_2_scan.launch.py
[13.443s] -- Symlinking: /home/home/tr_laser_scan_integrator/install/laser_scan_integrator/share/laser_scan_integrator/rviz/laser_scan_integrator.rviz
[13.453s] -- Symlinking: /home/home/tr_laser_scan_integrator/install/laser_scan_integrator/lib/laser_scan_integrator/laser_scan_integrator
[13.462s] -- Symlinking: /home/home/tr_laser_scan_integrator/install/laser_scan_integrator/share/ament_index/resource_index/package_run_dependencies/laser_scan_integrator
[13.472s] -- Symlinking: /home/home/tr_laser_scan_integrator/install/laser_scan_integrator/share/ament_index/resource_index/parent_prefix_path/laser_scan_integrator
[13.481s] -- Symlinking: /home/home/tr_laser_scan_integrator/install/laser_scan_integrator/share/laser_scan_integrator/environment/ament_prefix_path.sh
[13.490s] -- Symlinking: /home/home/tr_laser_scan_integrator/install/laser_scan_integrator/share/laser_scan_integrator/environment/ament_prefix_path.dsv
[13.499s] -- Symlinking: /home/home/tr_laser_scan_integrator/install/laser_scan_integrator/share/laser_scan_integrator/environment/path.sh
[13.508s] -- Symlinking: /home/home/tr_laser_scan_integrator/install/laser_scan_integrator/share/laser_scan_integrator/environment/path.dsv
[13.518s] -- Symlinking: /home/home/tr_laser_scan_integrator/install/laser_scan_integrator/share/laser_scan_integrator/local_setup.bash
[13.527s] -- Symlinking: /home/home/tr_laser_scan_integrator/install/laser_scan_integrator/share/laser_scan_integrator/local_setup.sh
[13.536s] -- Symlinking: /home/home/tr_laser_scan_integrator/install/laser_scan_integrator/share/laser_scan_integrator/local_setup.zsh
[13.545s] -- Symlinking: /home/home/tr_laser_scan_integrator/install/laser_scan_integrator/share/laser_scan_integrator/local_setup.dsv
[13.554s] -- Symlinking: /home/home/tr_laser_scan_integrator/install/laser_scan_integrator/share/laser_scan_integrator/package.dsv
[13.563s] -- Symlinking: /home/home/tr_laser_scan_integrator/install/laser_scan_integrator/share/ament_index/resource_index/packages/laser_scan_integrator
[13.573s] -- Symlinking: /home/home/tr_laser_scan_integrator/install/laser_scan_integrator/share/laser_scan_integrator/cmake/laser_scan_integratorConfig.cmake
[13.582s] -- Symlinking: /home/home/tr_laser_scan_integrator/install/laser_scan_integrator/share/laser_scan_integrator/cmake/laser_scan_integratorConfig-version.cmake
[13.591s] -- Symlinking: /home/home/tr_laser_scan_integrator/install/laser_scan_integrator/share/laser_scan_integrator/package.xml
[13.603s] Invoked command in '/home/home/tr_laser_scan_integrator/build/laser_scan_integrator' returned '0': CMAKE_PREFIX_PATH=${CMAKE_PREFIX_PATH}:/opt/ros/humble /usr/bin/cmake --install /home/home/tr_laser_scan_integrator/build/laser_scan_integrator
