[35m[1mConsolidate compiler generated dependencies of target laser_scan_integrator[0m
[100%] Built target laser_scan_integrator
-- Install configuration: ""
-- Execute custom install script
-- Up-to-date symlink: /home/home/tr_laser_scan_integrator/install/laser_scan_integrator/share/laser_scan_integrator/launch/integrate_2_scan.launch.py
-- Up-to-date symlink: /home/home/tr_laser_scan_integrator/install/laser_scan_integrator/share/laser_scan_integrator/launch/visualize_integrated_2_scan.launch.py
-- Up-to-date symlink: /home/home/tr_laser_scan_integrator/install/laser_scan_integrator/share/laser_scan_integrator/rviz/laser_scan_integrator.rviz
-- Up-to-date symlink: /home/home/tr_laser_scan_integrator/install/laser_scan_integrator/lib/laser_scan_integrator/laser_scan_integrator
-- Up-to-date symlink: /home/home/tr_laser_scan_integrator/install/laser_scan_integrator/share/ament_index/resource_index/package_run_dependencies/laser_scan_integrator
-- Up-to-date symlink: /home/home/tr_laser_scan_integrator/install/laser_scan_integrator/share/ament_index/resource_index/parent_prefix_path/laser_scan_integrator
-- Up-to-date symlink: /home/home/tr_laser_scan_integrator/install/laser_scan_integrator/share/laser_scan_integrator/environment/ament_prefix_path.sh
-- Up-to-date symlink: /home/home/tr_laser_scan_integrator/install/laser_scan_integrator/share/laser_scan_integrator/environment/ament_prefix_path.dsv
-- Up-to-date symlink: /home/home/tr_laser_scan_integrator/install/laser_scan_integrator/share/laser_scan_integrator/environment/path.sh
-- Up-to-date symlink: /home/home/tr_laser_scan_integrator/install/laser_scan_integrator/share/laser_scan_integrator/environment/path.dsv
-- Up-to-date symlink: /home/home/tr_laser_scan_integrator/install/laser_scan_integrator/share/laser_scan_integrator/local_setup.bash
-- Up-to-date symlink: /home/home/tr_laser_scan_integrator/install/laser_scan_integrator/share/laser_scan_integrator/local_setup.sh
-- Up-to-date symlink: /home/home/tr_laser_scan_integrator/install/laser_scan_integrator/share/laser_scan_integrator/local_setup.zsh
-- Up-to-date symlink: /home/home/tr_laser_scan_integrator/install/laser_scan_integrator/share/laser_scan_integrator/local_setup.dsv
-- Symlinking: /home/home/tr_laser_scan_integrator/install/laser_scan_integrator/share/laser_scan_integrator/package.dsv
-- Up-to-date symlink: /home/home/tr_laser_scan_integrator/install/laser_scan_integrator/share/ament_index/resource_index/packages/laser_scan_integrator
-- Up-to-date symlink: /home/home/tr_laser_scan_integrator/install/laser_scan_integrator/share/laser_scan_integrator/cmake/laser_scan_integratorConfig.cmake
-- Up-to-date symlink: /home/home/tr_laser_scan_integrator/install/laser_scan_integrator/share/laser_scan_integrator/cmake/laser_scan_integratorConfig-version.cmake
-- Up-to-date symlink: /home/home/tr_laser_scan_integrator/install/laser_scan_integrator/share/laser_scan_integrator/package.xml
