[0.011s] Invoking command in '/home/home/tr_laser_scan_integrator/build/laser_scan_integrator': CMAKE_PREFIX_PATH=${CMAKE_PREFIX_PATH}:/opt/ros/humble /usr/bin/cmake --build /home/home/tr_laser_scan_integrator/build/laser_scan_integrator -- -j8 -l8
[0.051s] [35m[1mConsolidate compiler generated dependencies of target laser_scan_integrator[0m
[0.068s] [100%] Built target laser_scan_integrator
[0.080s] Invoked command in '/home/home/tr_laser_scan_integrator/build/laser_scan_integrator' returned '0': CMAKE_PREFIX_PATH=${CMAKE_PREFIX_PATH}:/opt/ros/humble /usr/bin/cmake --build /home/home/tr_laser_scan_integrator/build/laser_scan_integrator -- -j8 -l8
[0.091s] Invoking command in '/home/home/tr_laser_scan_integrator/build/laser_scan_integrator': CMAKE_PREFIX_PATH=${CMAKE_PREFIX_PATH}:/opt/ros/humble /usr/bin/cmake --install /home/home/tr_laser_scan_integrator/build/laser_scan_integrator
[0.099s] -- Install configuration: ""
[0.099s] -- Execute custom install script
[0.099s] -- Up-to-date symlink: /home/home/tr_laser_scan_integrator/install/laser_scan_integrator/share/laser_scan_integrator/launch/integrate_2_scan.launch.py
[0.100s] -- Up-to-date symlink: /home/home/tr_laser_scan_integrator/install/laser_scan_integrator/share/laser_scan_integrator/launch/visualize_integrated_2_scan.launch.py
[0.100s] -- Up-to-date symlink: /home/home/tr_laser_scan_integrator/install/laser_scan_integrator/share/laser_scan_integrator/rviz/laser_scan_integrator.rviz
[0.100s] -- Up-to-date symlink: /home/home/tr_laser_scan_integrator/install/laser_scan_integrator/lib/laser_scan_integrator/laser_scan_integrator
[0.100s] -- Up-to-date symlink: /home/home/tr_laser_scan_integrator/install/laser_scan_integrator/share/ament_index/resource_index/package_run_dependencies/laser_scan_integrator
[0.101s] -- Up-to-date symlink: /home/home/tr_laser_scan_integrator/install/laser_scan_integrator/share/ament_index/resource_index/parent_prefix_path/laser_scan_integrator
[0.101s] -- Up-to-date symlink: /home/home/tr_laser_scan_integrator/install/laser_scan_integrator/share/laser_scan_integrator/environment/ament_prefix_path.sh
[0.101s] -- Up-to-date symlink: /home/home/tr_laser_scan_integrator/install/laser_scan_integrator/share/laser_scan_integrator/environment/ament_prefix_path.dsv
[0.102s] -- Up-to-date symlink: /home/home/tr_laser_scan_integrator/install/laser_scan_integrator/share/laser_scan_integrator/environment/path.sh
[0.102s] -- Up-to-date symlink: /home/home/tr_laser_scan_integrator/install/laser_scan_integrator/share/laser_scan_integrator/environment/path.dsv
[0.102s] -- Up-to-date symlink: /home/home/tr_laser_scan_integrator/install/laser_scan_integrator/share/laser_scan_integrator/local_setup.bash
[0.102s] -- Up-to-date symlink: /home/home/tr_laser_scan_integrator/install/laser_scan_integrator/share/laser_scan_integrator/local_setup.sh
[0.102s] -- Up-to-date symlink: /home/home/tr_laser_scan_integrator/install/laser_scan_integrator/share/laser_scan_integrator/local_setup.zsh
[0.102s] -- Up-to-date symlink: /home/home/tr_laser_scan_integrator/install/laser_scan_integrator/share/laser_scan_integrator/local_setup.dsv
[0.102s] -- Symlinking: /home/home/tr_laser_scan_integrator/install/laser_scan_integrator/share/laser_scan_integrator/package.dsv
[0.112s] -- Up-to-date symlink: /home/home/tr_laser_scan_integrator/install/laser_scan_integrator/share/ament_index/resource_index/packages/laser_scan_integrator
[0.112s] -- Up-to-date symlink: /home/home/tr_laser_scan_integrator/install/laser_scan_integrator/share/laser_scan_integrator/cmake/laser_scan_integratorConfig.cmake
[0.112s] -- Up-to-date symlink: /home/home/tr_laser_scan_integrator/install/laser_scan_integrator/share/laser_scan_integrator/cmake/laser_scan_integratorConfig-version.cmake
[0.112s] -- Up-to-date symlink: /home/home/tr_laser_scan_integrator/install/laser_scan_integrator/share/laser_scan_integrator/package.xml
[0.114s] Invoked command in '/home/home/tr_laser_scan_integrator/build/laser_scan_integrator' returned '0': CMAKE_PREFIX_PATH=${CMAKE_PREFIX_PATH}:/opt/ros/humble /usr/bin/cmake --install /home/home/tr_laser_scan_integrator/build/laser_scan_integrator
